2025-04-15 02:12:52.557263,/,None
2025-04-15 02:12:52.677744,/static/css/style.css,None
2025-04-15 02:12:52.857816,/static/images/ps5.webp,None
2025-04-15 02:12:52.858812,/static/images/lg_oled.webp,None
2025-04-15 02:12:52.869873,/static/images/canon_r6.webp,None
2025-04-15 02:12:52.889627,/static/images/apple_watch.webp,None
2025-04-15 02:13:17.729485,/,None
2025-04-15 02:13:17.932729,/static/css/style.css,None
2025-04-15 02:13:18.185835,/static/images/ps5.webp,None
2025-04-15 02:13:18.189421,/static/images/lg_oled.webp,None
2025-04-15 02:13:18.209430,/static/images/canon_r6.webp,None
2025-04-15 02:13:18.258572,/static/images/apple_watch.webp,None
2025-04-15 02:13:28.321796,/,None
2025-04-15 02:13:28.385183,/static/css/style.css,None
2025-04-15 02:13:28.486076,/static/images/ps5.webp,None
2025-04-15 02:13:28.488066,/static/images/lg_oled.webp,None
2025-04-15 02:13:28.492604,/static/images/apple_watch.webp,None
2025-04-15 02:13:28.500113,/static/images/canon_r6.webp,None
2025-04-15 02:13:32.265563,/login,None
2025-04-15 02:13:32.389600,/static/css/style.css,None
2025-04-15 02:13:33.611923,/login,None
2025-04-15 02:13:33.637010,/login,None
2025-04-15 02:13:33.697763,/static/css/style.css,None
2025-04-15 02:13:50.129188,/login,None
2025-04-15 02:13:50.304788,/,None
2025-04-15 02:13:50.414670,/static/css/style.css,None
2025-04-15 02:13:50.487921,/static/images/ps5.webp,None
2025-04-15 02:13:50.557763,/static/images/lg_oled.webp,None
2025-04-15 02:13:50.559370,/static/images/canon_r6.webp,None
2025-04-15 02:13:50.567308,/static/images/apple_watch.webp,None
2025-04-15 02:13:58.553872,/account,None
2025-04-15 02:18:25.295942,/catalog,None
2025-04-15 02:18:25.408310,/static/css/style.css,None
2025-04-15 02:18:25.609176,/static/images/lg_oled.webp,None
2025-04-15 02:18:25.627262,/static/images/apple_watch.webp,None
2025-04-15 02:18:25.636798,/static/images/galaxy_s22.jpg,None
2025-04-15 02:18:25.641340,/static/images/macbook_air.webp,None
2025-04-15 02:18:25.666425,/static/images/ps5.webp,None
2025-04-15 02:18:25.675959,/static/images/canon_r6.webp,None
2025-04-15 02:18:25.686505,/static/images/sony_xm4.webp,None
2025-04-15 02:18:28.592729,/cart,None
2025-04-15 02:18:28.688895,/static/css/style.css,None
2025-04-15 02:18:30.165854,/account,None
2025-04-15 02:24:06.694824,/account,None
2025-04-15 02:24:06.813941,/static/css/style.css,None
2025-04-15 02:24:06.816940,/static/images/macbook_air.webp,None
2025-04-15 02:24:06.816940,/static/images/lg_oled.webp,None
2025-04-15 02:24:44.236907,/,None
2025-04-15 02:24:44.317768,/static/css/style.css,None
2025-04-15 02:24:44.426793,/static/images/lg_oled.webp,None
2025-04-15 02:24:44.434824,/static/images/ps5.webp,None
2025-04-15 02:24:44.461924,/static/images/apple_watch.webp,None
2025-04-15 02:24:44.483008,/static/images/canon_r6.webp,None
2025-04-15 02:24:50.453649,/account,None
2025-04-15 02:24:50.519451,/static/css/style.css,None
2025-04-15 02:24:50.555568,/static/images/macbook_air.webp,None
2025-04-15 02:24:50.569648,/static/images/lg_oled.webp,None
2025-04-15 02:24:52.511661,/,None
2025-04-15 02:24:52.576417,/static/css/style.css,None
2025-04-15 02:24:52.682930,/static/images/lg_oled.webp,None
2025-04-15 02:24:52.690475,/static/images/ps5.webp,None
2025-04-15 02:24:52.691473,/static/images/canon_r6.webp,None
2025-04-15 02:24:52.706511,/static/images/apple_watch.webp,None
2025-04-15 02:25:02.879497,/catalog,None
2025-04-15 02:25:03.124260,/static/css/style.css,None
2025-04-15 02:25:03.667540,/static/images/macbook_air.webp,None
2025-04-15 02:25:03.794429,/static/images/canon_r6.webp,None
2025-04-15 02:25:03.844120,/static/images/ps5.webp,None
2025-04-15 02:25:03.859179,/static/images/lg_oled.webp,None
2025-04-15 02:25:03.883802,/static/images/apple_watch.webp,None
2025-04-15 02:25:03.886310,/static/images/galaxy_s22.jpg,None
2025-04-15 02:25:03.895332,/static/images/sony_xm4.webp,None
2025-04-15 02:25:05.327901,/cart,None
2025-04-15 02:25:05.405777,/static/css/style.css,None
2025-04-15 02:25:13.737736,/account,None
2025-04-15 02:25:13.796505,/static/css/style.css,None
2025-04-15 02:25:13.813068,/static/images/macbook_air.webp,None
2025-04-15 02:25:13.835159,/static/images/lg_oled.webp,None
2025-04-15 02:25:19.340271,/logout,None
2025-04-15 02:25:19.350809,/,None
2025-04-15 02:25:19.408022,/static/css/style.css,None
2025-04-15 02:25:19.450196,/static/images/lg_oled.webp,None
2025-04-15 02:25:19.453197,/static/images/ps5.webp,None
2025-04-15 02:25:19.456704,/static/images/apple_watch.webp,None
2025-04-15 02:25:19.457716,/static/images/canon_r6.webp,None
2025-04-15 02:25:21.699342,/register,None
2025-04-15 02:25:21.775671,/static/css/style.css,None
2025-04-15 02:25:40.698113,/register,None
2025-04-15 02:25:40.892375,/login,None
2025-04-15 02:25:40.966607,/static/css/style.css,None
2025-04-15 02:25:47.942331,/login,None
2025-04-15 02:25:47.961420,/login,None
2025-04-15 02:25:47.997550,/static/css/style.css,None
2025-04-15 02:25:52.161441,/login,None
2025-04-15 02:25:52.359880,/login,None
2025-04-15 02:25:52.401499,/static/css/style.css,None
2025-04-15 02:25:59.272886,/login,None
2025-04-15 02:25:59.441591,/login,None
2025-04-15 02:25:59.488256,/static/css/style.css,None
2025-04-15 02:26:09.561927,/login,None
2025-04-15 02:26:09.573466,/login,None
2025-04-15 02:26:09.624673,/static/css/style.css,None
2025-04-15 02:26:15.196672,/login,None
2025-04-15 02:26:15.390267,/login,None
2025-04-15 02:26:15.428944,/static/css/style.css,None
2025-04-15 02:26:18.764539,/register,None
2025-04-15 02:26:18.829833,/static/css/style.css,None
2025-04-15 02:26:20.312124,/,None
2025-04-15 02:26:20.360234,/static/css/style.css,None
2025-04-15 02:26:20.394886,/static/images/lg_oled.webp,None
2025-04-15 02:26:20.400478,/static/images/ps5.webp,None
2025-04-15 02:26:20.405008,/static/images/canon_r6.webp,None
2025-04-15 02:26:20.418092,/static/images/apple_watch.webp,None
2025-04-15 02:35:39.594811,/,None
2025-04-15 02:35:39.723003,/static/css/style.css,None
2025-04-15 02:35:39.872213,/static/images/ps5.webp,None
2025-04-15 02:35:39.873728,/static/images/lg_oled.webp,None
2025-04-15 02:35:39.880772,/static/images/canon_r6.webp,None
2025-04-15 02:35:39.885280,/static/images/apple_watch.webp,None
2025-04-15 02:35:42.499360,/login,None
2025-04-15 02:35:42.579739,/static/css/style.css,None
2025-04-15 02:35:44.036710,/login,None
2025-04-15 02:35:44.060784,/login,None
2025-04-15 02:35:44.110976,/static/css/style.css,None
2025-04-15 02:35:54.982087,/login,None
2025-04-15 02:35:55.159370,/,None
2025-04-15 02:35:55.336028,/static/css/style.css,None
2025-04-15 02:35:55.403799,/static/images/ps5.webp,None
2025-04-15 02:35:55.408840,/static/images/lg_oled.webp,None
2025-04-15 02:35:55.421875,/static/images/canon_r6.webp,None
2025-04-15 02:35:55.431415,/static/images/apple_watch.webp,None
2025-04-15 02:36:11.026864,/account,None
2025-04-15 02:36:11.138446,/static/css/style.css,None
2025-04-15 02:36:11.144969,/static/images/macbook_air.webp,None
2025-04-15 02:36:11.148981,/static/images/lg_oled.webp,None
2025-04-15 02:36:20.716937,/,None
2025-04-15 02:36:20.780711,/static/css/style.css,None
2025-04-15 02:36:20.839107,/static/images/ps5.webp,None
2025-04-15 02:36:20.850642,/static/images/lg_oled.webp,None
2025-04-15 02:36:20.856177,/static/images/canon_r6.webp,None
2025-04-15 02:36:20.860174,/static/images/apple_watch.webp,None
2025-04-15 02:36:53.499352,/cart,None
2025-04-15 02:36:53.576183,/static/css/style.css,None
2025-04-15 02:36:55.299392,/account,None
2025-04-15 02:36:55.368924,/static/css/style.css,None
2025-04-15 02:36:55.370445,/static/images/macbook_air.webp,None
2025-04-15 02:36:55.374967,/static/images/lg_oled.webp,None
2025-04-15 02:36:58.270240,/,None
2025-04-15 02:36:58.320425,/static/css/style.css,None
2025-04-15 02:36:58.351066,/static/images/ps5.webp,None
2025-04-15 02:36:58.353581,/static/images/lg_oled.webp,None
2025-04-15 02:36:58.356624,/static/images/canon_r6.webp,None
2025-04-15 02:36:58.358607,/static/images/apple_watch.webp,None
2025-04-15 02:40:15.351548,/,None
2025-04-15 02:40:15.430834,/static/css/style.css,None
2025-04-15 02:40:15.561534,/static/images/ps5.webp,None
2025-04-15 02:40:15.575607,/static/images/lg_oled.webp,None
2025-04-15 02:40:15.578606,/static/images/canon_r6.webp,None
2025-04-15 02:40:15.580609,/static/images/apple_watch.webp,None
2025-04-15 02:40:18.864582,/catalog,None
2025-04-15 02:40:18.938562,/static/css/style.css,None
2025-04-15 02:40:19.038960,/static/images/apple_watch.webp,None
2025-04-15 02:40:19.053000,/static/images/ps5.webp,None
ne
2025-04-15 02:40:19.057024,/static/images/canon_r6.webp,None
2025-04-15 02:40:19.072573,/static/images/macbook_air.webp,None
2025-04-15 02:40:19.079114,/static/images/galaxy_s22.jpg,None
2025-04-15 02:40:19.080116,/static/images/sony_xm4.webp,None
2025-04-15 02:40:20.875909,/account,None
2025-04-15 02:40:20.969364,/static/css/style.css,None
2025-04-15 02:40:21.008559,/static/images/lg_oled.webp,None
2025-04-15 02:40:21.011556,/static/images/macbook_air.webp,None
2025-04-15 02:40:23.419712,/,None
2025-04-15 02:40:23.483998,/static/css/style.css,None
2025-04-15 02:40:23.581303,/static/images/apple_watch.webp,None
2025-04-15 02:40:23.583830,/static/images/canon_r6.webp,None
2025-04-15 02:40:23.588842,/static/images/lg_oled.webp,None
2025-04-15 02:40:23.592844,/static/images/ps5.webp,None
2025-04-15 02:40:24.713987,/,None
2025-04-15 02:40:24.758329,/static/css/style.css,None
2025-04-15 02:40:24.826101,/static/images/ps5.webp,None
2025-04-15 02:40:24.829097,/static/images/canon_r6.webp,None
2025-04-15 02:40:24.831098,/static/images/lg_oled.webp,None
2025-04-15 02:40:24.831098,/static/images/apple_watch.webp,None
2025-04-15 02:40:26.534167,/account,None
2025-04-15 02:40:26.593938,/static/css/style.css,None
2025-04-15 02:40:26.600964,/static/images/lg_oled.webp,None
2025-04-15 02:40:26.606508,/static/images/macbook_air.webp,None
2025-04-15 02:40:27.594958,/,None
2025-04-15 02:40:27.659746,/static/css/style.css,None
2025-04-15 02:40:27.763817,/static/images/apple_watch.webp,None
2025-04-15 02:40:27.765830,/static/images/canon_r6.webp,None
2025-04-15 02:40:27.790907,/static/images/lg_oled.webp,None
2025-04-15 02:40:27.819521,/static/images/ps5.webp,None
2025-04-15 02:40:30.867076,/account,None
2025-04-15 02:40:30.922998,/static/css/style.css,None
2025-04-15 02:40:30.924011,/static/images/macbook_air.webp,None
2025-04-15 02:40:30.927022,/static/images/lg_oled.webp,None
2025-04-15 02:40:45.772948,/account,None
2025-04-15 02:40:45.821638,/static/css/style.css,None
2025-04-15 02:40:45.821638,/static/images/macbook_air.webp,None
2025-04-15 02:40:45.822636,/static/images/lg_oled.webp,None
2025-04-15 02:40:46.411385,/account,None
2025-04-15 02:40:46.460739,/static/css/style.css,None
2025-04-15 02:40:46.465286,/static/images/macbook_air.webp,None
2025-04-15 02:40:46.476828,/static/images/lg_oled.webp,None
2025-04-15 02:40:46.925058,/account,None
2025-04-15 02:40:46.969183,/static/css/style.css,None
2025-04-15 02:40:46.973712,/static/images/lg_oled.webp,None
2025-04-15 02:40:46.980250,/static/images/macbook_air.webp,None
2025-04-15 02:40:47.547683,/account,None
2025-04-15 02:40:47.594872,/static/css/style.css,None
2025-04-15 02:40:47.596869,/static/images/macbook_air.webp,None
2025-04-15 02:40:47.596869,/static/images/lg_oled.webp,None
2025-04-15 02:40:48.338321,/account,None
2025-04-15 02:40:48.401038,/static/css/style.css,None
2025-04-15 02:40:48.410579,/static/images/lg_oled.webp,None
2025-04-15 02:40:48.431711,/static/images/macbook_air.webp,None
2025-04-15 02:40:48.990134,/account,None
2025-04-15 02:40:49.033472,/static/css/style.css,None
2025-04-15 02:40:49.038486,/static/images/lg_oled.webp,None
2025-04-15 02:40:49.061578,/static/images/macbook_air.webp,None
2025-04-15 02:44:38.881404,/account,None
2025-04-15 02:45:58.723466,/,None
2025-04-15 02:46:01.080935,/,None
2025-04-15 02:46:01.777025,/,None
2025-04-15 02:48:07.902451,/account,None
2025-04-15 02:48:47.993162,/account,None
2025-04-15 02:48:49.330191,/account,None
2025-04-15 02:52:46.847968,/account,None
2025-04-15 02:52:50.157900,/,None
2025-04-15 02:53:04.868421,/,None
2025-04-15 02:55:58.131808,/,None
2025-04-15 02:55:58.239674,/static/css/style.css,None
2025-04-15 02:55:58.436565,/static/images/lg_oled.webp,None
2025-04-15 02:55:58.437565,/static/images/ps5.webp,None
2025-04-15 02:55:58.442100,/static/images/canon_r6.webp,None
2025-04-15 02:55:58.472255,/static/images/apple_watch.webp,None
2025-04-15 02:56:05.710605,/account,None
2025-04-15 02:56:05.829247,/static/css/style.css,None
2025-04-15 02:56:05.835264,/static/images/lg_oled.webp,None
2025-04-15 02:56:05.845798,/static/images/macbook_air.webp,None
2025-04-15 02:56:08.098387,/,None
2025-04-15 02:56:08.174230,/static/css/style.css,None
2025-04-15 02:56:08.300492,/static/images/ps5.webp,None
2025-04-15 02:56:08.302510,/static/images/lg_oled.webp,None
2025-04-15 02:56:08.307509,/static/images/canon_r6.webp,None
2025-04-15 02:56:08.337117,/static/images/apple_watch.webp,None
2025-04-15 02:56:09.154867,/,None
2025-04-15 02:56:09.200020,/static/css/style.css,None
2025-04-15 02:56:09.258933,/static/images/ps5.webp,None
2025-04-15 02:56:09.264956,/static/images/lg_oled.webp,None
2025-04-15 02:56:09.268477,/static/images/canon_r6.webp,None
2025-04-15 02:56:09.269542,/static/images/apple_watch.webp,None
2025-04-15 02:56:11.015279,/logout,None
2025-04-15 02:56:11.086549,/,None
2025-04-15 02:56:11.165348,/static/css/style.css,None
2025-04-15 02:56:11.204571,/static/images/ps5.webp,None
2025-04-15 02:56:11.210097,/static/images/lg_oled.webp,None
2025-04-15 02:56:11.216112,/static/images/canon_r6.webp,None
2025-04-15 02:56:11.226652,/static/images/apple_watch.webp,None
2025-04-15 02:56:12.096727,/,None
2025-04-15 02:56:12.144404,/static/css/style.css,None
2025-04-15 02:56:12.174572,/static/images/ps5.webp,None
2025-04-15 02:56:12.183134,/static/images/lg_oled.webp,None
2025-04-15 02:56:12.187133,/static/images/canon_r6.webp,None
2025-04-15 02:56:12.203209,/static/images/apple_watch.webp,None
2025-04-15 02:56:12.743849,/,None
2025-04-15 02:56:12.781722,/static/css/style.css,None
2025-04-15 02:56:12.870168,/static/images/ps5.webp,None
2025-04-15 02:56:12.905798,/static/images/lg_oled.webp,None
2025-04-15 02:56:12.923875,/static/images/canon_r6.webp,None
2025-04-15 02:56:12.938414,/static/images/apple_watch.webp,None
2025-04-15 02:56:13.615290,/,None
2025-04-15 02:56:13.648822,/static/css/style.css,None
2025-04-15 02:56:13.687052,/static/images/ps5.webp,None
2025-04-15 02:56:13.688625,/static/images/lg_oled.webp,None
2025-04-15 02:56:13.688625,/static/images/canon_r6.webp,None
2025-04-15 02:56:13.711662,/static/images/apple_watch.webp,None
2025-04-15 02:56:26.994211,/register,None
2025-04-15 02:56:27.058941,/static/css/style.css,None
2025-04-15 02:56:55.186355,/register,None
2025-04-15 02:56:55.435199,/login,None
2025-04-15 02:56:55.566571,/static/css/style.css,None
2025-04-15 02:57:02.305464,/login,None
2025-04-15 02:57:02.511708,/,None
2025-04-15 02:57:02.628160,/static/css/style.css,None
2025-04-15 02:57:02.710576,/static/images/ps5.webp,None
2025-04-15 02:57:02.746207,/static/images/lg_oled.webp,None
2025-04-15 02:57:02.751744,/static/images/canon_r6.webp,None
2025-04-15 02:57:02.765283,/static/images/apple_watch.webp,None
2025-04-15 02:57:06.143518,/,None
2025-04-15 02:57:06.185412,/static/css/style.css,None
2025-04-15 02:57:06.215053,/static/images/ps5.webp,None
2025-04-15 02:57:06.216052,/static/images/lg_oled.webp,None
2025-04-15 02:57:06.220578,/static/images/canon_r6.webp,None
2025-04-15 02:57:06.222582,/static/images/apple_watch.webp,None
2025-04-15 02:57:10.566541,/,None
2025-04-15 02:57:10.616757,/static/css/style.css,None
2025-04-15 02:57:10.745364,/static/images/ps5.webp,None
2025-04-15 02:57:10.783515,/static/images/lg_oled.webp,None
2025-04-15 02:57:10.813643,/static/images/canon_r6.webp,None
2025-04-15 02:57:10.834745,/static/images/apple_watch.webp,None
2025-04-15 02:57:12.941824,/account,None
2025-04-15 02:57:13.013040,/static/css/style.css,None
2025-04-15 02:57:16.085406,/catalog,None
2025-04-15 02:57:16.160960,/static/css/style.css,None
2025-04-15 02:57:16.263832,/static/images/macbook_air.webp,None
2025-04-15 02:57:16.265833,/static/images/canon_r6.webp,None
2025-04-15 02:57:16.274392,/static/images/ps5.webp,None
2025-04-15 02:57:16.299558,/static/images/apple_watch.webp,None
2025-04-15 02:57:16.299558,/static/images/lg_oled.webp,None
2025-04-15 02:57:16.305577,/static/images/galaxy_s22.jpg,None
2025-04-15 02:57:16.306578,/static/images/sony_xm4.webp,None
2025-04-15 02:57:22.550628,/,None
2025-04-15 02:57:22.611887,/static/css/style.css,None
2025-04-15 02:57:22.656584,/static/images/ps5.webp,None
2025-04-15 02:57:22.660110,/static/images/lg_oled.webp,None
2025-04-15 02:57:22.663122,/static/images/canon_r6.webp,None
2025-04-15 02:57:22.705319,/static/images/apple_watch.webp,None
2025-04-15 02:57:25.974900,/account,None
2025-04-15 02:57:26.043211,/static/css/style.css,None
2025-04-15 02:57:31.409022,/,None
2025-04-15 02:57:31.471738,/static/css/style.css,None
2025-04-15 02:57:31.578617,/static/images/ps5.webp,None
2025-04-15 02:57:31.588315,/static/images/lg_oled.webp,None
2025-04-15 02:57:31.591195,/static/images/canon_r6.webp,None
2025-04-15 02:57:31.592196,/static/images/apple_watch.webp,None
2025-04-15 02:57:31.722413,/,None
2025-04-15 02:57:31.789205,/static/css/style.css,None
2025-04-15 02:57:31.810274,/static/images/ps5.webp,None
2025-04-15 02:57:31.810274,/static/images/lg_oled.webp,None
2025-04-15 02:57:31.810274,/static/images/canon_r6.webp,None
2025-04-15 02:57:31.815287,/static/images/apple_watch.webp,None
2025-04-15 02:57:42.856589,/,None
2025-04-15 02:57:42.905270,/static/css/style.css,None
2025-04-15 02:57:42.939047,/static/images/ps5.webp,None
2025-04-15 02:57:42.941062,/static/images/lg_oled.webp,None
2025-04-15 02:57:42.949611,/static/images/canon_r6.webp,None
2025-04-15 02:57:42.956624,/static/images/apple_watch.webp,None
2025-04-15 02:58:47.960241,/,None
2025-04-15 02:58:48.048256,/static/css/style.css,None
2025-04-15 02:58:48.207831,/static/images/lg_oled.webp,None
2025-04-15 02:58:48.210867,/static/images/ps5.webp,None
2025-04-15 02:58:48.218373,/static/images/apple_watch.webp,None
2025-04-15 02:58:48.219391,/static/images/canon_r6.webp,None
2025-04-15 02:58:58.252902,/account,None
2025-04-15 02:58:58.340674,/static/css/style.css,None
2025-04-15 02:59:00.184948,/logout,None
2025-04-15 02:59:00.196798,/,None
2025-04-15 02:59:00.267902,/static/css/style.css,None
2025-04-15 02:59:00.419073,/static/images/ps5.webp,None
2025-04-15 02:59:00.419073,/static/images/lg_oled.webp,None
2025-04-15 02:59:00.433630,/static/images/canon_r6.webp,None
2025-04-15 02:59:00.451700,/static/images/apple_watch.webp,None
2025-04-15 02:59:03.314375,/login,None
2025-04-15 02:59:03.373562,/static/css/style.css,None
2025-04-15 02:59:06.461952,/login,None
2025-04-15 02:59:06.642961,/,None
2025-04-15 02:59:06.725837,/static/css/style.css,None
2025-04-15 02:59:06.857820,/static/images/ps5.webp,None
2025-04-15 02:59:06.894493,/static/images/lg_oled.webp,None
2025-04-15 02:59:06.897565,/static/images/apple_watch.webp,None
2025-04-15 02:59:06.899577,/static/images/canon_r6.webp,None
2025-04-15 02:59:09.396013,/cart,None
2025-04-15 02:59:09.461252,/static/css/style.css,None
2025-04-15 02:59:11.505975,/,None
2025-04-15 02:59:11.571801,/static/css/style.css,None
2025-04-15 02:59:11.676629,/static/images/ps5.webp,None
2025-04-15 02:59:11.680167,/static/images/lg_oled.webp,None
2025-04-15 02:59:11.692709,/static/images/canon_r6.webp,None
2025-04-15 02:59:11.695706,/static/images/apple_watch.webp,None
2025-04-15 02:59:13.398321,/cart,None
2025-04-15 02:59:13.461093,/static/css/style.css,None
2025-04-15 02:59:14.853967,/catalog,None
2025-04-15 02:59:14.929538,/static/css/style.css,None
2025-04-15 02:59:15.041989,/static/images/galaxy_s22.jpg,None
2025-04-15 02:59:15.047526,/static/images/macbook_air.webp,None
2025-04-15 02:59:15.064087,/static/images/sony_xm4.webp,None
2025-04-15 02:59:15.080179,/static/images/canon_r6.webp,None
2025-04-15 02:59:15.101265,/static/images/ps5.webp,None
2025-04-15 02:59:15.114338,/static/images/lg_oled.webp,None
2025-04-15 02:59:15.116341,/static/images/apple_watch.webp,None
2025-04-15 02:59:18.799921,/account,None
2025-04-15 02:59:18.865664,/static/css/style.css,None
2025-04-15 02:59:18.871203,/static/images/macbook_air.webp,None
2025-04-15 02:59:18.871203,/static/images/lg_oled.webp,None
2025-04-15 02:59:20.383331,/,None
2025-04-15 02:59:20.457680,/static/css/style.css,None
2025-04-15 02:59:20.526124,/static/images/ps5.webp,None
2025-04-15 02:59:20.526124,/static/images/lg_oled.webp,None
2025-04-15 02:59:20.534668,/static/images/apple_watch.webp,None
2025-04-15 02:59:20.534668,/static/images/canon_r6.webp,None
2025-04-15 02:59:24.260514,/,None
2025-04-15 02:59:24.300947,/static/css/style.css,None
2025-04-15 02:59:24.366631,/static/images/ps5.webp,None
2025-04-15 02:59:24.372155,/static/images/lg_oled.webp,None
2025-04-15 02:59:24.376151,/static/images/canon_r6.webp,None
2025-04-15 02:59:24.376151,/static/images/apple_watch.webp,None
2025-04-15 02:59:48.926764,/,None
2025-04-15 02:59:49.800490,/favicon.ico,None
2025-04-15 02:59:56.249933,/,None
2025-04-15 02:59:56.304662,/static/css/style.css,None
2025-04-15 02:59:56.635648,/static/images/ps5.webp,None
2025-04-15 02:59:56.640189,/static/images/lg_oled.webp,None
2025-04-15 02:59:56.662259,/static/images/canon_r6.webp,None
2025-04-15 02:59:56.702400,/static/images/apple_watch.webp,None
2025-04-15 03:00:00.871393,/catalog,None
2025-04-15 03:00:00.921089,/static/css/style.css,None
2025-04-15 03:00:01.213308,/static/images/galaxy_s22.jpg,None
2025-04-15 03:00:01.252992,/static/images/macbook_air.webp,None
2025-04-15 03:00:01.276072,/static/images/ps5.webp,None
2025-04-15 03:00:01.276072,/static/images/canon_r6.webp,None
2025-04-15 03:00:01.302691,/static/images/lg_oled.webp,None
2025-04-15 03:00:01.310237,/static/images/apple_watch.webp,None
2025-04-15 03:00:01.317747,/static/images/sony_xm4.webp,None
2025-04-15 03:00:04.814083,/,None
2025-04-15 03:00:04.926586,/static/css/style.css,None
2025-04-15 03:00:05.122325,/static/images/ps5.webp,None
2025-04-15 03:00:05.141956,/static/images/lg_oled.webp,None
2025-04-15 03:00:05.154511,/static/images/canon_r6.webp,None
2025-04-15 03:00:05.175598,/static/images/apple_watch.webp,None
2025-04-15 03:00:13.404307,/catalog,None
2025-04-15 03:00:13.448553,/static/css/style.css,None
2025-04-15 03:00:13.745194,/static/images/galaxy_s22.jpg,None
2025-04-15 03:00:13.775799,/static/images/macbook_air.webp,None
2025-04-15 03:00:13.809934,/static/images/sony_xm4.webp,None
2025-04-15 03:00:13.820470,/static/images/canon_r6.webp,None
2025-04-15 03:00:13.833528,/static/images/ps5.webp,None
2025-04-15 03:00:13.844060,/static/images/lg_oled.webp,None
2025-04-15 03:00:13.846058,/static/images/apple_watch.webp,None
2025-04-15 03:00:17.756479,/,None
2025-04-15 03:00:17.800170,/static/css/style.css,None
2025-04-15 03:00:17.956242,/static/images/ps5.webp,None
2025-04-15 03:00:17.964778,/static/images/lg_oled.webp,None
2025-04-15 03:00:17.969295,/static/images/canon_r6.webp,None
2025-04-15 03:00:17.991895,/static/images/apple_watch.webp,None
2025-04-15 03:00:19.892756,/cart,None
2025-04-15 03:00:19.925381,/static/css/style.css,None
2025-04-15 03:00:21.768974,/,None
2025-04-15 03:00:21.806621,/static/css/style.css,None
2025-04-15 03:00:22.333990,/static/images/ps5.webp,None
2025-04-15 03:00:22.338027,/static/images/lg_oled.webp,None
2025-04-15 03:00:22.342057,/static/images/canon_r6.webp,None
2025-04-15 03:00:22.347568,/static/images/apple_watch.webp,None
2025-04-15 03:00:51.104507,/login,None
2025-04-15 03:00:51.143661,/static/css/style.css,None
2025-04-15 03:01:03.734068,/account,None
2025-04-15 03:01:03.805121,/static/css/style.css,None
2025-04-15 03:01:03.815649,/static/images/lg_oled.webp,None
2025-04-15 03:01:03.835711,/static/images/macbook_air.webp,None
2025-04-15 03:01:23.836008,/,None
2025-04-15 03:01:23.903997,/static/css/style.css,None
2025-04-15 03:01:24.018002,/static/images/apple_watch.webp,None
2025-04-15 03:01:24.020017,/static/images/canon_r6.webp,None
2025-04-15 03:01:24.023019,/static/images/lg_oled.webp,None
2025-04-15 03:01:24.023019,/static/images/ps5.webp,None
2025-04-15 03:01:26.608211,/account,None
2025-04-15 03:01:26.677075,/static/css/style.css,None
2025-04-15 03:01:26.717162,/static/images/macbook_air.webp,None
2025-04-15 03:01:26.727201,/static/images/lg_oled.webp,None
2025-04-15 03:01:28.195942,/catalog,None
2025-04-15 03:01:28.268330,/static/css/style.css,None
2025-04-15 03:01:28.365305,/static/images/galaxy_s22.jpg,None
2025-04-15 03:01:28.368825,/static/images/apple_watch.webp,None
2025-04-15 03:01:28.384883,/static/images/lg_oled.webp,None
2025-04-15 03:01:28.387396,/static/images/ps5.webp,None
2025-04-15 03:01:28.388412,/static/images/canon_r6.webp,None
2025-04-15 03:01:28.395423,/static/images/macbook_air.webp,None
2025-04-15 03:01:28.396935,/static/images/sony_xm4.webp,None
2025-04-15 03:01:31.555717,/cart,None
2025-04-15 03:01:31.616009,/static/css/style.css,None
2025-04-15 03:01:34.346198,/,None
2025-04-15 03:01:34.404996,/static/css/style.css,None
2025-04-15 03:01:34.441184,/static/images/ps5.webp,None
2025-04-15 03:01:34.447695,/static/images/lg_oled.webp,None
2025-04-15 03:01:34.458260,/static/images/canon_r6.webp,None
2025-04-15 03:01:34.463279,/static/images/apple_watch.webp,None
2025-04-15 03:01:36.033977,/cart,None
2025-04-15 03:01:36.094197,/static/css/style.css,None
2025-04-15 03:06:12.403280,/cart,None
2025-04-15 03:06:12.565814,/static/css/style.css,None
2025-04-15 03:06:14.822199,/,None
2025-04-15 03:06:14.925096,/static/css/style.css,None
2025-04-15 03:06:15.073650,/static/images/canon_r6.webp,None
2025-04-15 03:06:15.076168,/static/images/lg_oled.webp,None
2025-04-15 03:06:15.101814,/static/images/ps5.webp,None
2025-04-15 03:06:15.102817,/static/images/apple_watch.webp,None
2025-04-15 03:06:17.674678,/catalog,None
2025-04-15 03:06:17.752898,/static/css/style.css,None
2025-04-15 03:06:17.872395,/static/images/lg_oled.webp,None
2025-04-15 03:06:17.875967,/static/images/ps5.webp,None
2025-04-15 03:06:17.892997,/static/images/canon_r6.webp,None
2025-04-15 03:06:17.903534,/static/images/apple_watch.webp,None
2025-04-15 03:06:17.916588,/static/images/macbook_air.webp,None
2025-04-15 03:06:17.922621,/static/images/galaxy_s22.jpg,None
2025-04-15 03:06:17.940730,/static/images/sony_xm4.webp,None
2025-04-15 03:06:21.271780,/cart,None
2025-04-15 03:06:21.337763,/static/css/style.css,None
2025-04-15 03:12:44.159781,/cart,None
2025-04-15 03:12:44.260810,/static/css/style.css,None
2025-04-15 03:12:49.932317,/catalog,None
2025-04-15 03:12:50.001602,/static/css/style.css,None
2025-04-15 03:12:50.089464,/static/images/galaxy_s22.jpg,None
2025-04-15 03:12:50.105077,/static/images/canon_r6.webp,None
2025-04-15 03:12:50.118637,/static/images/lg_oled.webp,None
2025-04-15 03:12:50.120636,/static/images/macbook_air.webp,None
2025-04-15 03:12:50.125160,/static/images/sony_xm4.webp,None
2025-04-15 03:12:50.128178,/static/images/ps5.webp,None
2025-04-15 03:12:50.146241,/static/images/apple_watch.webp,None
2025-04-15 03:12:57.109788,/catalog,None
2025-04-15 03:12:57.151941,/static/css/style.css,None
2025-04-15 03:12:57.193094,/static/images/galaxy_s22.jpg,None
2025-04-15 03:12:57.195614,/static/images/macbook_air.webp,None
2025-04-15 03:12:57.204649,/static/images/sony_xm4.webp,None
2025-04-15 03:12:57.229764,/static/images/canon_r6.webp,None
2025-04-15 03:12:57.272916,/static/images/ps5.webp,None
2025-04-15 03:12:57.287992,/static/images/lg_oled.webp,None
2025-04-15 03:12:57.300033,/static/images/apple_watch.webp,None
2025-04-15 03:13:04.209411,/cart,None
2025-04-15 03:13:04.287739,/static/css/style.css,None
2025-04-15 03:13:05.446596,/catalog,None
2025-04-15 03:13:05.524412,/static/css/style.css,None
2025-04-15 03:13:05.632312,/static/images/galaxy_s22.jpg,None
2025-04-15 03:13:05.634819,/static/images/macbook_air.webp,None
2025-04-15 03:13:05.648370,/static/images/sony_xm4.webp,None
2025-04-15 03:13:05.665434,/static/images/canon_r6.webp,None
2025-04-15 03:13:05.677993,/static/images/ps5.webp,None
2025-04-15 03:13:05.690527,/static/images/lg_oled.webp,None
2025-04-15 03:13:05.705105,/static/images/apple_watch.webp,None
2025-04-15 03:13:07.887556,/account,None
2025-04-15 03:13:07.995251,/static/css/style.css,None
2025-04-15 03:13:08.010810,/static/images/macbook_air.webp,None
2025-04-15 03:13:08.015339,/static/images/lg_oled.webp,None
2025-04-15 03:13:23.119722,/,None
2025-04-15 03:13:23.196042,/static/css/style.css,None
2025-04-15 03:13:23.234223,/static/images/lg_oled.webp,None
2025-04-15 03:13:23.242767,/static/images/ps5.webp,None
2025-04-15 03:13:23.245299,/static/images/canon_r6.webp,None
e
2025-04-15 03:13:24.099389,/catalog,None
2025-04-15 03:13:24.162234,/static/css/style.css,None
2025-04-15 03:13:24.271634,/static/images/canon_r6.webp,None
2025-04-15 03:13:24.277169,/static/images/macbook_air.webp,None
2025-04-15 03:13:24.295229,/static/images/ps5.webp,None
2025-04-15 03:13:24.296228,/static/images/lg_oled.webp,None
2025-04-15 03:13:24.312766,/static/images/apple_watch.webp,None
2025-04-15 03:13:24.329391,/static/images/galaxy_s22.jpg,None
2025-04-15 03:13:24.329391,/static/images/sony_xm4.webp,None
2025-04-15 03:24:02.933663,/catalog,None
2025-04-15 03:24:03.075130,/static/css/style.css,None
2025-04-15 03:24:03.323722,/static/images/ps5.webp,None
2025-04-15 03:24:03.336253,/static/images/apple_watch.webp,None
2025-04-15 03:24:03.338254,/static/images/lg_oled.webp,None
2025-04-15 03:24:03.349780,/static/images/canon_r6.webp,None
2025-04-15 03:24:03.355326,/static/images/sony_xm4.webp,None
2025-04-15 03:24:03.363863,/static/images/galaxy_s22.jpg,None
2025-04-15 03:24:03.366865,/static/images/macbook_air.webp,None
2025-04-15 03:24:13.833298,/catalog,None
2025-04-15 03:24:13.929154,/static/css/style.css,None
2025-04-15 03:24:14.072853,/static/images/ps5.webp,None
2025-04-15 03:24:20.607812,/catalog,None
2025-04-15 03:24:20.709730,/static/css/style.css,None
2025-04-15 03:24:20.848422,/static/images/ps5.webp,None
2025-04-15 03:24:38.751109,/catalog,None
2025-04-15 03:24:38.830340,/static/css/style.css,None
2025-04-15 03:24:38.872030,/static/images/ps5.webp,None
2025-04-15 03:24:41.288993,/catalog,None
2025-04-15 03:24:41.352244,/static/css/style.css,None
2025-04-15 03:24:41.381323,/static/images/ps5.webp,None
2025-04-15 03:24:43.755260,/catalog,None
2025-04-15 03:24:43.849291,/static/css/style.css,None
2025-04-15 03:24:43.971373,/static/images/macbook_air.webp,None
2025-04-15 03:24:46.111121,/catalog,None
2025-04-15 03:24:46.194306,/static/css/style.css,None
2025-04-15 03:24:46.323402,/static/images/ps5.webp,None
2025-04-15 03:24:48.733035,/catalog,None
2025-04-15 03:24:48.811393,/static/css/style.css,None
2025-04-15 03:24:48.838516,/static/images/ps5.webp,None
2025-04-15 03:24:52.725751,/catalog,None
2025-04-15 03:24:52.799518,/static/css/style.css,None
2025-04-15 03:24:52.905980,/static/images/canon_r6.webp,None
2025-04-15 03:25:00.959481,/catalog,None
2025-04-15 03:25:01.039801,/static/css/style.css,None
2025-04-15 03:25:01.078940,/static/images/ps5.webp,None
2025-04-15 03:25:01.109538,/static/images/canon_r6.webp,None
2025-04-15 03:25:01.128163,/static/images/lg_oled.webp,None
2025-04-15 03:25:01.132689,/static/images/apple_watch.webp,None
2025-04-15 03:25:01.134701,/static/images/sony_xm4.webp,None
2025-04-15 03:25:01.145262,/static/images/macbook_air.webp,None
2025-04-15 03:25:01.158788,/static/images/galaxy_s22.jpg,None
2025-04-15 03:25:05.924791,/catalog,None
2025-04-15 03:25:06.013200,/static/css/style.css,None
2025-04-15 03:25:06.092256,/static/images/ps5.webp,None
2025-04-15 03:25:06.111314,/static/images/apple_watch.webp,None
2025-04-15 03:25:06.118337,/static/images/lg_oled.webp,None
2025-04-15 03:25:06.123871,/static/images/galaxy_s22.jpg,None
2025-04-15 03:25:06.129404,/static/images/sony_xm4.webp,None
2025-04-15 03:25:06.134941,/static/images/macbook_air.webp,None
2025-04-15 03:25:08.652420,/catalog,None
2025-04-15 03:25:08.734303,/static/css/style.css,None
2025-04-15 03:25:57.607146,/catalog,None
2025-04-15 03:25:57.697536,/static/css/style.css,None
2025-04-15 03:26:04.473708,/catalog,None
2025-04-15 03:26:04.536092,/static/css/style.css,None
2025-04-15 03:26:04.598876,/static/images/sony_xm4.webp,None
2025-04-15 03:26:04.626576,/static/images/apple_watch.webp,None
2025-04-15 03:26:04.645667,/static/images/canon_r6.webp,None
2025-04-15 03:26:04.666749,/static/images/lg_oled.webp,None
2025-04-15 03:26:04.683831,/static/images/ps5.webp,None
2025-04-15 03:26:04.740566,/static/images/macbook_air.webp,None
2025-04-15 03:26:04.752139,/static/images/galaxy_s22.jpg,None
2025-04-15 03:26:06.864304,/catalog,None
2025-04-15 03:26:06.932573,/static/css/style.css,None
2025-04-15 03:26:07.041087,/static/images/lg_oled.webp,None
2025-04-15 03:26:10.739402,/catalog,None
2025-04-15 03:26:10.827837,/static/css/style.css,None
2025-04-15 03:26:10.855456,/static/images/sony_xm4.webp,None
2025-04-15 03:26:14.277692,/catalog,None
2025-04-15 03:26:14.361112,/static/css/style.css,None
2025-04-15 03:26:14.424921,/static/images/ps5.webp,None
2025-04-15 03:32:48.493456,/catalog,None
2025-04-15 03:32:48.672193,/static/css/style.css,None
2025-04-15 03:32:48.909293,/static/images/ps5.webp,None
2025-04-15 03:32:48.926870,/static/images/galaxy_s22.jpg,None
2025-04-15 03:32:48.937412,/static/images/lg_oled.webp,None
2025-04-15 03:32:48.939941,/static/images/sony_xm4.webp,None
2025-04-15 03:32:48.942957,/static/images/macbook_air.webp,None
2025-04-15 03:32:48.945952,/static/images/canon_r6.webp,None
2025-04-15 03:32:48.969538,/static/images/apple_watch.webp,None
2025-04-15 03:32:52.072732,/catalog,None
2025-04-15 03:32:52.147046,/static/css/style.css,None
2025-04-15 03:32:52.257958,/static/images/lg_oled.webp,None
2025-04-15 03:32:52.307111,/static/images/canon_r6.webp,None
2025-04-15 03:32:55.119250,/catalog,None
2025-04-15 03:32:55.202644,/static/css/style.css,None
2025-04-15 03:32:55.306651,/static/images/canon_r6.webp,None
2025-04-15 03:32:55.314192,/static/images/ps5.webp,None
2025-04-15 03:32:55.317194,/static/images/lg_oled.webp,None
2025-04-15 03:33:01.155591,/catalog,None
2025-04-15 03:33:01.241024,/static/css/style.css,None
2025-04-15 03:33:01.320976,/static/images/galaxy_s22.jpg,None
2025-04-15 03:33:01.344100,/static/images/sony_xm4.webp,None
2025-04-15 03:33:01.344100,/static/images/canon_r6.webp,None
2025-04-15 03:33:01.362170,/static/images/lg_oled.webp,None
2025-04-15 03:33:30.424581,/catalog,None
2025-04-15 03:33:30.519943,/static/css/style.css,None
2025-04-15 03:33:30.605602,/static/images/galaxy_s22.jpg,None
2025-04-15 03:33:37.799752,/catalog,None
2025-04-15 03:33:37.867996,/static/css/style.css,None
2025-04-15 03:33:37.949336,/static/images/galaxy_s22.jpg,None
2025-04-15 03:33:37.985016,/static/images/sony_xm4.webp,None
2025-04-15 03:33:37.985016,/static/images/canon_r6.webp,None
2025-04-15 03:33:37.995541,/static/images/ps5.webp,None
2025-04-15 03:33:38.003080,/static/images/lg_oled.webp,None
2025-04-15 03:33:38.016135,/static/images/macbook_air.webp,None
2025-04-15 03:33:38.017135,/static/images/apple_watch.webp,None
2025-04-15 03:33:42.820416,/catalog,None
2025-04-15 03:33:42.900282,/static/css/style.css,None
2025-04-15 03:33:43.010759,/static/images/galaxy_s22.jpg,None
2025-04-15 03:33:43.015772,/static/images/sony_xm4.webp,None
2025-04-15 03:33:43.030827,/static/images/lg_oled.webp,None
2025-04-15 03:33:45.717419,/catalog,None
2025-04-15 03:33:45.788748,/static/css/style.css,None
2025-04-15 03:33:46.027837,/static/images/galaxy_s22.jpg,None
2025-04-15 03:33:49.155628,/catalog,None
2025-04-15 03:33:49.237491,/static/css/style.css,None
2025-04-15 03:33:49.275313,/static/images/lg_oled.webp,None
2025-04-15 03:33:49.309452,/static/images/galaxy_s22.jpg,None
2025-04-15 03:33:49.313479,/static/images/sony_xm4.webp,None
2025-04-15 03:33:53.610865,/catalog,None
2025-04-15 03:33:53.684173,/static/css/style.css,None
2025-04-15 03:33:53.719309,/static/images/galaxy_s22.jpg,None
2025-04-15 03:33:56.969700,/catalog,None
2025-04-15 03:33:57.044024,/static/css/style.css,None
2025-04-15 03:33:57.149369,/static/images/galaxy_s22.jpg,None
2025-04-15 03:33:57.152406,/static/images/macbook_air.webp,None
2025-04-15 03:33:57.164943,/static/images/sony_xm4.webp,None
2025-04-15 03:33:57.167941,/static/images/canon_r6.webp,None
2025-04-15 03:33:57.176480,/static/images/ps5.webp,None
2025-04-15 03:33:57.189563,/static/images/lg_oled.webp,None
2025-04-15 03:33:57.198576,/static/images/apple_watch.webp,None
2025-04-15 03:34:02.994139,/cart,None
2025-04-15 03:34:03.067400,/static/css/style.css,None
2025-04-15 03:34:04.720176,/catalog,None
2025-04-15 03:34:04.791972,/static/css/style.css,None
2025-04-15 03:34:04.900387,/static/images/galaxy_s22.jpg,None
2025-04-15 03:34:04.910939,/static/images/lg_oled.webp,None
2025-04-15 03:34:04.921483,/static/images/ps5.webp,None
2025-04-15 03:34:04.938620,/static/images/canon_r6.webp,None
2025-04-15 03:34:04.957102,/static/images/sony_xm4.webp,None
2025-04-15 03:34:04.985729,/static/images/macbook_air.webp,None
2025-04-15 03:34:04.991265,/static/images/apple_watch.webp,None
2025-04-15 03:34:05.970491,/add_to_cart/8,None
2025-04-15 03:34:05.983534,/catalog,None
2025-04-15 03:34:06.038734,/static/css/style.css,None
2025-04-15 03:34:06.136558,/static/images/galaxy_s22.jpg,None
2025-04-15 03:34:06.182245,/static/images/macbook_air.webp,None
2025-04-15 03:34:06.208833,/static/images/sony_xm4.webp,None
2025-04-15 03:34:06.248987,/static/images/canon_r6.webp,None
2025-04-15 03:34:06.260555,/static/images/ps5.webp,None
2025-04-15 03:34:06.263567,/static/images/lg_oled.webp,None
2025-04-15 03:34:06.275123,/static/images/apple_watch.webp,None
2025-04-15 03:34:08.275343,/cart,None
2025-04-15 03:34:08.344112,/static/css/style.css,None
2025-04-15 03:34:08.389303,/static/images/galaxy_s22.jpg,None
2025-04-15 03:34:09.646314,/,None
2025-04-15 03:34:09.856237,/static/css/style.css,None
2025-04-15 03:34:10.118708,/static/images/ps5.webp,None
2025-04-15 03:34:10.297324,/static/images/lg_oled.webp,None
2025-04-15 03:34:10.360567,/static/images/canon_r6.webp,None
2025-04-15 03:34:10.505572,/static/images/apple_watch.webp,None
2025-04-15 03:34:11.826646,/product/14,None
2025-04-15 03:34:12.060288,/static/css/style.css,None
2025-04-15 03:34:12.169662,/static/images/lg_oled.webp,None
2025-04-15 03:34:14.358791,/add_to_cart/14,None
2025-04-15 03:34:14.375876,/product/14,None
2025-04-15 03:34:14.450748,/static/css/style.css,None
2025-04-15 03:34:14.490911,/static/images/lg_oled.webp,None
2025-04-15 03:34:18.360284,/cart,None
2025-04-15 03:34:18.469773,/static/css/style.css,None
2025-04-15 03:34:18.526456,/static/images/lg_oled.webp,None
2025-04-15 03:34:18.558633,/static/images/galaxy_s22.jpg,None
2025-04-15 03:34:22.714886,/add_to_cart/14,None
2025-04-15 03:34:22.767079,/cart,None
2025-04-15 03:34:22.883017,/static/css/style.css,None
2025-04-15 03:34:22.939270,/static/images/lg_oled.webp,None
2025-04-15 03:34:22.954853,/static/images/galaxy_s22.jpg,None
2025-04-15 03:34:24.047569,/add_to_cart/8,None
2025-04-15 03:34:24.060636,/cart,None
2025-04-15 03:34:24.115349,/static/css/style.css,None
2025-04-15 03:34:24.143959,/static/images/lg_oled.webp,None
2025-04-15 03:34:24.155009,/static/images/galaxy_s22.jpg,None
2025-04-15 03:34:27.111059,/remove_from_cart/8,None
2025-04-15 03:34:27.122597,/cart,None
2025-04-15 03:34:27.180325,/static/css/style.css,None
2025-04-15 03:34:27.297773,/static/images/lg_oled.webp,None
2025-04-15 03:34:27.309847,/static/images/galaxy_s22.jpg,None
2025-04-15 03:34:28.249981,/checkout,None
2025-04-15 03:34:28.364616,/static/css/style.css,None
2025-04-15 03:34:33.396701,/checkout,None
2025-04-15 03:34:33.450052,/account,None
2025-04-15 03:34:33.595162,/static/css/style.css,None
2025-04-15 03:34:33.610228,/static/images/lg_oled.webp,None
2025-04-15 03:34:33.663051,/static/images/galaxy_s22.jpg,None
2025-04-15 03:34:33.723354,/static/images/macbook_air.webp,None
2025-04-15 03:34:36.761340,/account,None
2025-04-15 03:34:36.845649,/static/css/style.css,None
2025-04-15 03:34:36.884327,/static/images/lg_oled.webp,None
2025-04-15 03:34:36.903417,/static/images/galaxy_s22.jpg,None
2025-04-15 03:34:36.906415,/static/images/macbook_air.webp,None
2025-04-15 03:34:46.315577,/,None
2025-04-15 03:34:46.384762,/static/css/style.css,None
2025-04-15 03:34:46.429475,/static/images/ps5.webp,None
2025-04-15 03:34:46.434491,/static/images/lg_oled.webp,None
2025-04-15 03:34:46.453570,/static/images/apple_watch.webp,None
2025-04-15 03:34:46.455082,/static/images/canon_r6.webp,None
2025-04-15 03:35:20.677371,/,None
2025-04-15 03:35:20.724763,/static/css/style.css,None
2025-04-15 03:35:20.787608,/static/images/ps5.webp,None
2025-04-15 03:35:20.801186,/static/images/lg_oled.webp,None
2025-04-15 03:35:20.801186,/static/images/canon_r6.webp,None
2025-04-15 03:35:20.805187,/static/images/apple_watch.webp,None
2025-04-15 03:47:13.903545,/,None
2025-04-15 03:47:14.024008,/static/css/style.css,None
2025-04-15 03:47:14.279649,/static/images/lg_oled.webp,None
2025-04-15 03:47:14.281650,/static/images/ps5.webp,None
2025-04-15 03:47:14.285167,/static/images/canon_r6.webp,None
2025-04-15 03:47:14.314279,/static/images/apple_watch.webp,None
